2017-05-14 15:20:00,039 INFO  [Log] **************************************************************************************** 
2017-05-14 15:20:00,040 INFO  [Log] **************************************************************************************** 
2017-05-14 15:20:00,041 INFO  [Log] $$$$$$$$$$$$$$$$$$$$$                 Login TestCase       $$$$$$$$$$$$$$$$$$$$$$$$$ 
2017-05-14 15:20:00,041 INFO  [Log] **************************************************************************************** 
2017-05-14 15:20:00,041 INFO  [Log] **************************************************************************************** 
2017-05-14 15:20:00,041 INFO  [Log] Enter Username 
2017-05-14 15:20:00,285 INFO  [Log] Entred Username isadministrator 
2017-05-14 15:20:00,285 INFO  [Log] Enter Password 
2017-05-14 15:20:00,397 INFO  [Log] Entered Password :ad 
2017-05-14 15:20:00,397 INFO  [Log] Click Login Button 
2017-05-14 18:34:07,387 INFO  [Log] **************************************************************************************** 
2017-05-14 18:34:07,418 INFO  [Log] **************************************************************************************** 
2017-05-14 18:34:07,418 INFO  [Log] $$$$$$$$$$$$$$$$$$$$$                 Navigate to Lead Module       $$$$$$$$$$$$$$$$$$$$$$$$$ 
2017-05-14 18:34:07,418 INFO  [Log] **************************************************************************************** 
2017-05-14 18:34:07,418 INFO  [Log] **************************************************************************************** 
2017-05-14 18:34:07,418 INFO  [Log] Enter Login in System 
2017-05-14 18:34:07,449 INFO  [Log] **************************************************************************************** 
2017-05-14 18:34:07,449 INFO  [Log] **************************************************************************************** 
2017-05-14 18:34:07,449 INFO  [Log] $$$$$$$$$$$$$$$$$$$$$                 Login TestCase       $$$$$$$$$$$$$$$$$$$$$$$$$ 
2017-05-14 18:34:07,449 INFO  [Log] **************************************************************************************** 
2017-05-14 18:34:07,449 INFO  [Log] **************************************************************************************** 
2017-05-14 18:34:07,449 INFO  [Log] Enter Username 
2017-05-14 18:34:07,740 INFO  [Log] Entred Username is: administrator 
2017-05-14 18:34:07,740 INFO  [Log] Enter Password 
2017-05-14 18:34:07,826 INFO  [Log] Entered Password :ad 
2017-05-14 18:34:07,826 INFO  [Log] Click Login Button 
2017-05-14 18:34:10,844 INFO  [Log] Click Sales Tab 
2017-05-14 18:34:10,967 INFO  [Log] **************************************************************************************** 
2017-05-14 18:34:10,967 INFO  [Log] **************************************************************************************** 
2017-05-14 18:34:10,968 INFO  [Log] $$$$$$$$$$$$$$$$$$$$$                 Duplicate lead creation       $$$$$$$$$$$$$$$$$$$$$$$$$ 
2017-05-14 18:34:10,968 INFO  [Log] **************************************************************************************** 
2017-05-14 18:34:10,968 INFO  [Log] **************************************************************************************** 
2017-05-14 18:34:10,995 INFO  [Log] **************************************************************************************** 
2017-05-14 18:34:10,995 INFO  [Log] **************************************************************************************** 
2017-05-14 18:34:10,995 INFO  [Log] $$$$$$$$$$$$$$$$$$$$$                 create a lead for new customer       $$$$$$$$$$$$$$$$$$$$$$$$$ 
2017-05-14 18:34:10,995 INFO  [Log] **************************************************************************************** 
2017-05-14 18:34:10,995 INFO  [Log] **************************************************************************************** 
2017-05-14 18:34:10,995 INFO  [Log] Click on Add new Button 
2017-05-14 18:34:35,833 INFO  [Log] **************************************************************************************** 
2017-05-14 18:34:35,849 INFO  [Log] **************************************************************************************** 
2017-05-14 18:34:35,849 INFO  [Log] $$$$$$$$$$$$$$$$$$$$$                 Navigate to Lead Module       $$$$$$$$$$$$$$$$$$$$$$$$$ 
2017-05-14 18:34:35,849 INFO  [Log] **************************************************************************************** 
2017-05-14 18:34:35,849 INFO  [Log] **************************************************************************************** 
2017-05-14 18:34:35,849 INFO  [Log] Enter Login in System 
2017-05-14 18:34:35,865 INFO  [Log] **************************************************************************************** 
2017-05-14 18:34:35,865 INFO  [Log] **************************************************************************************** 
2017-05-14 18:34:35,865 INFO  [Log] $$$$$$$$$$$$$$$$$$$$$                 Login TestCase       $$$$$$$$$$$$$$$$$$$$$$$$$ 
2017-05-14 18:34:35,865 INFO  [Log] **************************************************************************************** 
2017-05-14 18:34:35,865 INFO  [Log] **************************************************************************************** 
2017-05-14 18:34:35,865 INFO  [Log] Enter Username 
2017-05-14 18:34:36,060 INFO  [Log] Entred Username is: administrator 
2017-05-14 18:34:36,060 INFO  [Log] Enter Password 
2017-05-14 18:34:36,196 INFO  [Log] Entered Password :admin 
2017-05-14 18:34:36,196 INFO  [Log] Click Login Button 
2017-05-14 18:34:40,664 INFO  [Log] Click Sales Tab 
2017-05-14 18:34:45,616 INFO  [Log] XXXXXXXXXXXXXXXXXXXXXXX             -E---N---D-             XXXXXXXXXXXXXXXXXXXXXX 
2017-05-14 18:34:45,616 INFO  [Log] X 
2017-05-14 18:34:45,616 INFO  [Log] X 
2017-05-14 18:34:45,616 INFO  [Log] X 
2017-05-14 18:34:45,616 INFO  [Log] X 
2017-05-14 18:34:45,968 INFO  [Log] **************************************************************************************** 
2017-05-14 18:34:45,968 INFO  [Log] **************************************************************************************** 
2017-05-14 18:34:45,968 INFO  [Log] $$$$$$$$$$$$$$$$$$$$$                 Duplicate lead creation       $$$$$$$$$$$$$$$$$$$$$$$$$ 
2017-05-14 18:34:45,968 INFO  [Log] **************************************************************************************** 
2017-05-14 18:34:45,968 INFO  [Log] **************************************************************************************** 
2017-05-14 18:34:46,001 INFO  [Log] **************************************************************************************** 
2017-05-14 18:34:46,002 INFO  [Log] **************************************************************************************** 
2017-05-14 18:34:46,002 INFO  [Log] $$$$$$$$$$$$$$$$$$$$$                 create a lead for new customer       $$$$$$$$$$$$$$$$$$$$$$$$$ 
2017-05-14 18:34:46,002 INFO  [Log] **************************************************************************************** 
2017-05-14 18:34:46,002 INFO  [Log] **************************************************************************************** 
2017-05-14 18:34:46,002 INFO  [Log] Click on Add new Button 
2017-05-14 18:34:49,342 INFO  [Log] Click Save Button to verify Mandatory Fields 
2017-05-14 18:34:52,344 INFO  [Log] Fill Lead Title 
2017-05-14 18:34:52,882 INFO  [Log] Fill Company Name 
2017-05-14 18:34:53,390 INFO  [Log] Fill Contact Information 
2017-05-14 18:34:53,810 INFO  [Log] Fill Mobile Number 
2017-05-14 18:34:54,026 INFO  [Log] Fill Lead Priority 
2017-05-14 18:34:54,216 INFO  [Log] Fill Lead Status 
2017-05-14 18:34:54,419 INFO  [Log] Click Save Button 
2017-05-14 18:34:57,201 INFO  [Log] Click clone button 
2017-05-14 18:34:57,307 INFO  [Log] Click Save button 
2017-05-14 18:34:59,684 INFO  [Log] **************************************************************************************** 
2017-05-14 18:34:59,684 INFO  [Log] **************************************************************************************** 
2017-05-14 18:34:59,684 INFO  [Log] $$$$$$$$$$$$$$$$$$$$$                 create a lead for new customer       $$$$$$$$$$$$$$$$$$$$$$$$$ 
2017-05-14 18:34:59,684 INFO  [Log] **************************************************************************************** 
2017-05-14 18:34:59,684 INFO  [Log] **************************************************************************************** 
2017-05-14 18:34:59,684 INFO  [Log] Click on Add new Button 
2017-05-14 18:36:35,424 INFO  [Log] **************************************************************************************** 
2017-05-14 18:36:35,441 INFO  [Log] **************************************************************************************** 
2017-05-14 18:36:35,441 INFO  [Log] $$$$$$$$$$$$$$$$$$$$$                 Navigate to Lead Module       $$$$$$$$$$$$$$$$$$$$$$$$$ 
2017-05-14 18:36:35,441 INFO  [Log] **************************************************************************************** 
2017-05-14 18:36:35,441 INFO  [Log] **************************************************************************************** 
2017-05-14 18:36:35,441 INFO  [Log] Enter Login in System 
2017-05-14 18:36:35,565 INFO  [Log] **************************************************************************************** 
2017-05-14 18:36:35,565 INFO  [Log] **************************************************************************************** 
2017-05-14 18:36:35,565 INFO  [Log] $$$$$$$$$$$$$$$$$$$$$                 Login TestCase       $$$$$$$$$$$$$$$$$$$$$$$$$ 
2017-05-14 18:36:35,565 INFO  [Log] **************************************************************************************** 
2017-05-14 18:36:35,566 INFO  [Log] **************************************************************************************** 
2017-05-14 18:36:35,566 INFO  [Log] Enter Username 
2017-05-14 18:36:35,812 INFO  [Log] Entred Username is: administrator 
2017-05-14 18:36:35,812 INFO  [Log] Enter Password 
2017-05-14 18:36:35,919 INFO  [Log] Entered Password :Admin@123 
2017-05-14 18:36:35,919 INFO  [Log] Click Login Button 
2017-05-14 18:36:39,676 INFO  [Log] Click Sales Tab 
2017-05-14 18:36:42,701 INFO  [Log] XXXXXXXXXXXXXXXXXXXXXXX             -E---N---D-             XXXXXXXXXXXXXXXXXXXXXX 
2017-05-14 18:36:42,701 INFO  [Log] X 
2017-05-14 18:36:42,701 INFO  [Log] X 
2017-05-14 18:36:42,701 INFO  [Log] X 
2017-05-14 18:36:42,701 INFO  [Log] X 
2017-05-14 18:36:42,992 INFO  [Log] **************************************************************************************** 
2017-05-14 18:36:42,992 INFO  [Log] **************************************************************************************** 
2017-05-14 18:36:42,992 INFO  [Log] $$$$$$$$$$$$$$$$$$$$$                 Duplicate lead creation       $$$$$$$$$$$$$$$$$$$$$$$$$ 
2017-05-14 18:36:42,992 INFO  [Log] **************************************************************************************** 
2017-05-14 18:36:42,993 INFO  [Log] **************************************************************************************** 
2017-05-14 18:36:43,007 INFO  [Log] **************************************************************************************** 
2017-05-14 18:36:43,007 INFO  [Log] **************************************************************************************** 
2017-05-14 18:36:43,007 INFO  [Log] $$$$$$$$$$$$$$$$$$$$$                 create a lead for new customer       $$$$$$$$$$$$$$$$$$$$$$$$$ 
2017-05-14 18:36:43,007 INFO  [Log] **************************************************************************************** 
2017-05-14 18:36:43,007 INFO  [Log] **************************************************************************************** 
2017-05-14 18:36:43,007 INFO  [Log] Click on Add new Button 
2017-05-14 18:36:44,353 INFO  [Log] Click Save Button to verify Mandatory Fields 
2017-05-14 18:36:44,776 INFO  [Log] Fill Lead Title 
2017-05-14 18:36:45,457 INFO  [Log] Fill Company Name 
2017-05-14 18:36:45,705 INFO  [Log] Fill Contact Information 
2017-05-14 18:36:46,126 INFO  [Log] Fill Mobile Number 
2017-05-14 18:36:46,452 INFO  [Log] Fill Lead Priority 
2017-05-14 18:36:46,640 INFO  [Log] Fill Lead Status 
2017-05-14 18:36:46,781 INFO  [Log] Click Save Button 
2017-05-14 18:36:49,814 INFO  [Log] Click clone button 
2017-05-14 18:36:51,676 INFO  [Log] Click Save button 
2017-05-14 18:37:03,229 INFO  [Log] **************************************************************************************** 
2017-05-14 18:37:03,229 INFO  [Log] **************************************************************************************** 
2017-05-14 18:37:03,229 INFO  [Log] $$$$$$$$$$$$$$$$$$$$$                 create a lead for new customer       $$$$$$$$$$$$$$$$$$$$$$$$$ 
2017-05-14 18:37:03,229 INFO  [Log] **************************************************************************************** 
2017-05-14 18:37:03,230 INFO  [Log] **************************************************************************************** 
2017-05-14 18:37:03,230 INFO  [Log] Click on Add new Button 
2017-05-14 19:10:15,305 INFO  [Log] **************************************************************************************** 
2017-05-14 19:10:15,321 INFO  [Log] **************************************************************************************** 
2017-05-14 19:10:15,321 INFO  [Log] $$$$$$$$$$$$$$$$$$$$$                 Navigate to Lead Module       $$$$$$$$$$$$$$$$$$$$$$$$$ 
2017-05-14 19:10:15,321 INFO  [Log] **************************************************************************************** 
2017-05-14 19:10:15,321 INFO  [Log] **************************************************************************************** 
2017-05-14 19:10:15,321 INFO  [Log] Enter Login in System 
2017-05-14 19:10:15,383 INFO  [Log] **************************************************************************************** 
2017-05-14 19:10:15,383 INFO  [Log] **************************************************************************************** 
2017-05-14 19:10:15,383 INFO  [Log] $$$$$$$$$$$$$$$$$$$$$                 Login TestCase       $$$$$$$$$$$$$$$$$$$$$$$$$ 
2017-05-14 19:10:15,383 INFO  [Log] **************************************************************************************** 
2017-05-14 19:10:15,383 INFO  [Log] **************************************************************************************** 
2017-05-14 19:10:15,383 INFO  [Log] Enter Username 
2017-05-14 19:10:15,773 INFO  [Log] Entred Username is: administrator 
2017-05-14 19:10:15,773 INFO  [Log] Enter Password 
2017-05-14 19:10:16,088 INFO  [Log] Entered Password :Admin@123 
2017-05-14 19:10:16,088 INFO  [Log] Click Login Button 
2017-05-14 19:10:23,570 INFO  [Log] Click Sales Tab 
2017-05-14 19:10:28,104 INFO  [Log] XXXXXXXXXXXXXXXXXXXXXXX             -E---N---D-             XXXXXXXXXXXXXXXXXXXXXX 
2017-05-14 19:10:28,104 INFO  [Log] X 
2017-05-14 19:10:28,104 INFO  [Log] X 
2017-05-14 19:10:28,104 INFO  [Log] X 
2017-05-14 19:10:28,104 INFO  [Log] X 
2017-05-14 19:10:28,617 INFO  [Log] **************************************************************************************** 
2017-05-14 19:10:28,617 INFO  [Log] **************************************************************************************** 
2017-05-14 19:10:28,617 INFO  [Log] $$$$$$$$$$$$$$$$$$$$$                 Duplicate lead creation       $$$$$$$$$$$$$$$$$$$$$$$$$ 
2017-05-14 19:10:28,617 INFO  [Log] **************************************************************************************** 
2017-05-14 19:10:28,617 INFO  [Log] **************************************************************************************** 
2017-05-14 19:10:28,632 INFO  [Log] **************************************************************************************** 
2017-05-14 19:10:28,632 INFO  [Log] **************************************************************************************** 
2017-05-14 19:10:28,632 INFO  [Log] $$$$$$$$$$$$$$$$$$$$$                 create a lead for new customer       $$$$$$$$$$$$$$$$$$$$$$$$$ 
2017-05-14 19:10:28,632 INFO  [Log] **************************************************************************************** 
2017-05-14 19:10:28,632 INFO  [Log] **************************************************************************************** 
2017-05-14 19:10:28,632 INFO  [Log] Click on Add new Button 
2017-05-14 19:10:28,818 INFO  [Log] Click Save Button to verify Mandatory Fields 
2017-05-14 19:10:33,365 INFO  [Log] Fill Lead Title 
2017-05-14 19:10:34,105 INFO  [Log] Fill Company Name 
2017-05-14 19:10:34,418 INFO  [Log] Fill Contact Information 
2017-05-14 19:10:34,746 INFO  [Log] Fill Mobile Number 
2017-05-14 19:10:35,021 INFO  [Log] Fill Lead Priority 
2017-05-14 19:10:35,253 INFO  [Log] Fill Lead Status 
2017-05-14 19:10:35,422 INFO  [Log] Click Save Button 
2017-05-14 19:10:35,726 INFO  [Log] **************************************************************************************** 
2017-05-14 19:10:35,726 INFO  [Log] **************************************************************************************** 
2017-05-14 19:10:35,726 INFO  [Log] $$$$$$$$$$$$$$$$$$$$$                 create a lead for new customer       $$$$$$$$$$$$$$$$$$$$$$$$$ 
2017-05-14 19:10:35,726 INFO  [Log] **************************************************************************************** 
2017-05-14 19:10:35,726 INFO  [Log] **************************************************************************************** 
2017-05-14 19:10:35,726 INFO  [Log] Click on Add new Button 
2017-05-14 19:10:44,237 INFO  [Log] Click Save Button to verify Mandatory Fields 
2017-05-14 19:10:44,446 INFO  [Log] Fill Lead Title 
2017-05-14 19:10:45,074 INFO  [Log] Fill Company Name 
2017-05-14 19:10:45,369 INFO  [Log] Fill Contact Information 
2017-05-14 19:10:45,709 INFO  [Log] Fill Mobile Number 
2017-05-14 19:10:45,971 INFO  [Log] Fill Lead Priority 
2017-05-14 19:10:46,128 INFO  [Log] Fill Lead Status 
2017-05-14 19:10:46,296 INFO  [Log] Click Save Button 
2017-05-14 19:20:59,918 INFO  [Log] **************************************************************************************** 
2017-05-14 19:20:59,918 INFO  [Log] **************************************************************************************** 
2017-05-14 19:20:59,943 INFO  [Log] **************************************************************************************** 
2017-05-14 19:20:59,943 INFO  [Log] **************************************************************************************** 
2017-05-14 19:20:59,944 INFO  [Log] $$$$$$$$$$$$$$$$$$$$$                 Navigate to Lead Module       $$$$$$$$$$$$$$$$$$$$$$$$$ 
2017-05-14 19:20:59,944 INFO  [Log] $$$$$$$$$$$$$$$$$$$$$                 Navigate to Lead Module       $$$$$$$$$$$$$$$$$$$$$$$$$ 
2017-05-14 19:20:59,945 INFO  [Log] **************************************************************************************** 
2017-05-14 19:20:59,945 INFO  [Log] **************************************************************************************** 
2017-05-14 19:20:59,946 INFO  [Log] **************************************************************************************** 
2017-05-14 19:20:59,945 INFO  [Log] **************************************************************************************** 
2017-05-14 19:20:59,946 INFO  [Log] Enter Login in System 
2017-05-14 19:20:59,946 INFO  [Log] Enter Login in System 
2017-05-14 19:21:00,142 INFO  [Log] **************************************************************************************** 
2017-05-14 19:21:00,142 INFO  [Log] **************************************************************************************** 
2017-05-14 19:21:00,143 INFO  [Log] **************************************************************************************** 
2017-05-14 19:21:00,143 INFO  [Log] **************************************************************************************** 
2017-05-14 19:21:00,143 INFO  [Log] $$$$$$$$$$$$$$$$$$$$$                 Login TestCase       $$$$$$$$$$$$$$$$$$$$$$$$$ 
2017-05-14 19:21:00,143 INFO  [Log] $$$$$$$$$$$$$$$$$$$$$                 Login TestCase       $$$$$$$$$$$$$$$$$$$$$$$$$ 
2017-05-14 19:21:00,143 INFO  [Log] **************************************************************************************** 
2017-05-14 19:21:00,143 INFO  [Log] **************************************************************************************** 
2017-05-14 19:21:00,143 INFO  [Log] **************************************************************************************** 
2017-05-14 19:21:00,143 INFO  [Log] **************************************************************************************** 
2017-05-14 19:21:00,143 INFO  [Log] Enter Username 
2017-05-14 19:21:00,143 INFO  [Log] Enter Username 
2017-05-14 19:21:00,727 INFO  [Log] Entred Username is: administrator 
2017-05-14 19:21:00,727 INFO  [Log] Enter Password 
2017-05-14 19:21:00,754 INFO  [Log] Entred Username is: administrator 
2017-05-14 19:21:00,754 INFO  [Log] Enter Password 
2017-05-14 19:21:01,024 INFO  [Log] Entered Password :Admin@123 
2017-05-14 19:21:01,025 INFO  [Log] Click Login Button 
2017-05-14 19:21:01,075 INFO  [Log] Entered Password :Admin@123 
2017-05-14 19:21:01,075 INFO  [Log] Click Login Button 
2017-05-14 19:21:19,002 INFO  [Log] Click Sales Tab 
2017-05-14 19:21:19,794 INFO  [Log] Click Sales Tab 
2017-05-14 19:21:25,620 INFO  [Log] XXXXXXXXXXXXXXXXXXXXXXX             -E---N---D-             XXXXXXXXXXXXXXXXXXXXXX 
2017-05-14 19:21:25,620 INFO  [Log] X 
2017-05-14 19:21:25,620 INFO  [Log] X 
2017-05-14 19:21:25,620 INFO  [Log] X 
2017-05-14 19:21:25,620 INFO  [Log] X 
2017-05-14 19:21:26,121 INFO  [Log] XXXXXXXXXXXXXXXXXXXXXXX             -E---N---D-             XXXXXXXXXXXXXXXXXXXXXX 
2017-05-14 19:21:26,121 INFO  [Log] X 
2017-05-14 19:21:26,121 INFO  [Log] X 
2017-05-14 19:21:26,121 INFO  [Log] X 
2017-05-14 19:21:26,121 INFO  [Log] X 
2017-05-14 19:21:26,499 INFO  [Log] **************************************************************************************** 
2017-05-14 19:21:26,499 INFO  [Log] **************************************************************************************** 
2017-05-14 19:21:26,499 INFO  [Log] $$$$$$$$$$$$$$$$$$$$$                 Duplicate lead creation       $$$$$$$$$$$$$$$$$$$$$$$$$ 
2017-05-14 19:21:26,499 INFO  [Log] **************************************************************************************** 
2017-05-14 19:21:26,500 INFO  [Log] **************************************************************************************** 
2017-05-14 19:21:26,503 INFO  [Log] **************************************************************************************** 
2017-05-14 19:21:26,503 INFO  [Log] **************************************************************************************** 
2017-05-14 19:21:26,504 INFO  [Log] $$$$$$$$$$$$$$$$$$$$$                 Duplicate lead creation       $$$$$$$$$$$$$$$$$$$$$$$$$ 
2017-05-14 19:21:26,504 INFO  [Log] **************************************************************************************** 
2017-05-14 19:21:26,504 INFO  [Log] **************************************************************************************** 
2017-05-14 19:21:26,551 INFO  [Log] **************************************************************************************** 
2017-05-14 19:21:26,551 INFO  [Log] **************************************************************************************** 
2017-05-14 19:21:26,552 INFO  [Log] $$$$$$$$$$$$$$$$$$$$$                 create a lead for new customer       $$$$$$$$$$$$$$$$$$$$$$$$$ 
2017-05-14 19:21:26,552 INFO  [Log] **************************************************************************************** 
2017-05-14 19:21:26,552 INFO  [Log] **************************************************************************************** 
2017-05-14 19:21:26,552 INFO  [Log] Click on Add new Button 
2017-05-14 19:21:26,552 INFO  [Log] **************************************************************************************** 
2017-05-14 19:21:26,553 INFO  [Log] **************************************************************************************** 
2017-05-14 19:21:26,553 INFO  [Log] $$$$$$$$$$$$$$$$$$$$$                 create a lead for new customer       $$$$$$$$$$$$$$$$$$$$$$$$$ 
2017-05-14 19:21:26,553 INFO  [Log] **************************************************************************************** 
2017-05-14 19:21:26,553 INFO  [Log] **************************************************************************************** 
2017-05-14 19:21:26,553 INFO  [Log] Click on Add new Button 
2017-05-14 19:21:29,704 INFO  [Log] Click Save Button to verify Mandatory Fields 
2017-05-14 19:21:29,796 INFO  [Log] Click Save Button to verify Mandatory Fields 
2017-05-14 19:21:31,076 INFO  [Log] Fill Lead Title 
2017-05-14 19:21:31,077 INFO  [Log] Fill Lead Title 
2017-05-14 19:21:33,101 INFO  [Log] Fill Company Name 
2017-05-14 19:21:33,509 INFO  [Log] Fill Company Name 
2017-05-14 19:21:34,325 INFO  [Log] Fill Contact Information 
2017-05-14 19:21:34,370 INFO  [Log] Fill Contact Information 
2017-05-14 19:21:35,075 INFO  [Log] Fill Mobile Number 
2017-05-14 19:21:35,171 INFO  [Log] Fill Mobile Number 
2017-05-14 19:21:35,494 INFO  [Log] Fill Lead Priority 
2017-05-14 19:21:35,555 INFO  [Log] Fill Lead Priority 
2017-05-14 19:21:35,801 INFO  [Log] Fill Lead Status 
2017-05-14 19:21:35,844 INFO  [Log] Fill Lead Status 
2017-05-14 19:21:36,102 INFO  [Log] Click Save Button 
2017-05-14 19:21:36,211 INFO  [Log] Click Save Button 
2017-05-14 19:21:41,172 INFO  [Log] Click clone button 
2017-05-14 19:21:41,374 INFO  [Log] Click clone button 
2017-05-14 19:21:47,200 INFO  [Log] Click Save button 
2017-05-14 19:21:52,403 INFO  [Log] Click Save button 
2017-05-14 19:22:01,658 INFO  [Log] **************************************************************************************** 
2017-05-14 19:22:01,659 INFO  [Log] **************************************************************************************** 
2017-05-14 19:22:01,659 INFO  [Log] $$$$$$$$$$$$$$$$$$$$$                 create a lead for new customer       $$$$$$$$$$$$$$$$$$$$$$$$$ 
2017-05-14 19:22:01,659 INFO  [Log] **************************************************************************************** 
2017-05-14 19:22:01,659 INFO  [Log] **************************************************************************************** 
2017-05-14 19:22:01,659 INFO  [Log] Click on Add new Button 
2017-05-14 19:22:09,089 INFO  [Log] **************************************************************************************** 
2017-05-14 19:22:09,089 INFO  [Log] **************************************************************************************** 
2017-05-14 19:22:09,089 INFO  [Log] $$$$$$$$$$$$$$$$$$$$$                 create a lead for new customer       $$$$$$$$$$$$$$$$$$$$$$$$$ 
2017-05-14 19:22:09,089 INFO  [Log] **************************************************************************************** 
2017-05-14 19:22:09,089 INFO  [Log] **************************************************************************************** 
2017-05-14 19:22:09,089 INFO  [Log] Click on Add new Button 
2017-05-14 19:25:20,324 INFO  [Log] **************************************************************************************** 
2017-05-14 19:25:20,333 INFO  [Log] **************************************************************************************** 
2017-05-14 19:25:20,333 INFO  [Log] $$$$$$$$$$$$$$$$$$$$$                 Navigate to Lead Module       $$$$$$$$$$$$$$$$$$$$$$$$$ 
2017-05-14 19:25:20,333 INFO  [Log] **************************************************************************************** 
2017-05-14 19:25:20,334 INFO  [Log] **************************************************************************************** 
2017-05-14 19:25:20,334 INFO  [Log] Enter Login in System 
2017-05-14 19:25:20,403 INFO  [Log] **************************************************************************************** 
2017-05-14 19:25:20,404 INFO  [Log] **************************************************************************************** 
2017-05-14 19:25:20,404 INFO  [Log] $$$$$$$$$$$$$$$$$$$$$                 Login TestCase       $$$$$$$$$$$$$$$$$$$$$$$$$ 
2017-05-14 19:25:20,405 INFO  [Log] **************************************************************************************** 
2017-05-14 19:25:20,405 INFO  [Log] **************************************************************************************** 
2017-05-14 19:25:20,406 INFO  [Log] Enter Username 
2017-05-14 19:25:20,578 INFO  [Log] Entred Username is: administrator 
2017-05-14 19:25:20,578 INFO  [Log] Enter Password 
2017-05-14 19:25:20,709 INFO  [Log] Entered Password :Admin@123 
2017-05-14 19:25:20,709 INFO  [Log] Click Login Button 
2017-05-14 19:25:44,044 INFO  [Log] Click Sales Tab 
2017-05-14 19:25:48,264 INFO  [Log] XXXXXXXXXXXXXXXXXXXXXXX             -E---N---D-             XXXXXXXXXXXXXXXXXXXXXX 
2017-05-14 19:25:48,264 INFO  [Log] X 
2017-05-14 19:25:48,264 INFO  [Log] X 
2017-05-14 19:25:48,264 INFO  [Log] X 
2017-05-14 19:25:48,264 INFO  [Log] X 
2017-05-14 19:25:48,684 INFO  [Log] **************************************************************************************** 
2017-05-14 19:25:48,684 INFO  [Log] **************************************************************************************** 
2017-05-14 19:25:48,684 INFO  [Log] $$$$$$$$$$$$$$$$$$$$$                 Duplicate lead creation       $$$$$$$$$$$$$$$$$$$$$$$$$ 
2017-05-14 19:25:48,684 INFO  [Log] **************************************************************************************** 
2017-05-14 19:25:48,684 INFO  [Log] **************************************************************************************** 
2017-05-14 19:25:48,703 INFO  [Log] **************************************************************************************** 
2017-05-14 19:25:48,703 INFO  [Log] **************************************************************************************** 
2017-05-14 19:25:48,703 INFO  [Log] $$$$$$$$$$$$$$$$$$$$$                 create a lead for new customer       $$$$$$$$$$$$$$$$$$$$$$$$$ 
2017-05-14 19:25:48,703 INFO  [Log] **************************************************************************************** 
2017-05-14 19:25:48,703 INFO  [Log] **************************************************************************************** 
2017-05-14 19:25:48,703 INFO  [Log] Click on Add new Button 
2017-05-14 19:25:50,732 INFO  [Log] Click Save Button to verify Mandatory Fields 
2017-05-14 19:25:50,879 INFO  [Log] Fill Lead Title 
2017-05-14 19:25:52,174 INFO  [Log] Fill Company Name 
2017-05-14 19:25:52,525 INFO  [Log] Fill Contact Information 
2017-05-14 19:25:53,068 INFO  [Log] Fill Mobile Number 
2017-05-14 19:25:53,297 INFO  [Log] Fill Lead Priority 
2017-05-14 19:25:53,506 INFO  [Log] Fill Lead Status 
2017-05-14 19:25:53,634 INFO  [Log] Click Save Button 
2017-05-14 19:25:56,543 INFO  [Log] Click clone button 
2017-05-14 19:25:58,682 INFO  [Log] Click Save button 
2017-05-14 19:26:10,864 INFO  [Log] **************************************************************************************** 
2017-05-14 19:26:10,865 INFO  [Log] **************************************************************************************** 
2017-05-14 19:26:10,865 INFO  [Log] $$$$$$$$$$$$$$$$$$$$$                 create a lead for new customer       $$$$$$$$$$$$$$$$$$$$$$$$$ 
2017-05-14 19:26:10,865 INFO  [Log] **************************************************************************************** 
2017-05-14 19:26:10,865 INFO  [Log] **************************************************************************************** 
2017-05-14 19:26:10,865 INFO  [Log] Click on Add new Button 
2017-05-14 19:30:25,620 INFO  [Log] **************************************************************************************** 
2017-05-14 19:30:25,621 INFO  [Log] **************************************************************************************** 
2017-05-14 19:30:25,621 INFO  [Log] $$$$$$$$$$$$$$$$$$$$$                 Navigate to Lead Module       $$$$$$$$$$$$$$$$$$$$$$$$$ 
2017-05-14 19:30:25,622 INFO  [Log] **************************************************************************************** 
2017-05-14 19:30:25,622 INFO  [Log] **************************************************************************************** 
2017-05-14 19:30:25,622 INFO  [Log] Enter Login in System 
2017-05-14 19:30:25,646 INFO  [Log] **************************************************************************************** 
2017-05-14 19:30:25,647 INFO  [Log] **************************************************************************************** 
2017-05-14 19:30:25,647 INFO  [Log] $$$$$$$$$$$$$$$$$$$$$                 Login TestCase       $$$$$$$$$$$$$$$$$$$$$$$$$ 
2017-05-14 19:30:25,647 INFO  [Log] **************************************************************************************** 
2017-05-14 19:30:25,647 INFO  [Log] **************************************************************************************** 
2017-05-14 19:30:25,647 INFO  [Log] Enter Username 
2017-05-14 19:30:25,787 INFO  [Log] Entred Username is: administrator 
2017-05-14 19:30:25,787 INFO  [Log] Enter Password 
2017-05-14 19:30:25,923 INFO  [Log] Entered Password :Admin@123 
2017-05-14 19:30:25,923 INFO  [Log] Click Login Button 
2017-05-14 19:30:45,383 INFO  [Log] Click Sales Tab 
2017-05-14 19:30:45,655 INFO  [Log] **************************************************************************************** 
2017-05-14 19:30:45,656 INFO  [Log] **************************************************************************************** 
2017-05-14 19:30:45,656 INFO  [Log] $$$$$$$$$$$$$$$$$$$$$                 Duplicate lead creation       $$$$$$$$$$$$$$$$$$$$$$$$$ 
2017-05-14 19:30:45,656 INFO  [Log] **************************************************************************************** 
2017-05-14 19:30:45,656 INFO  [Log] **************************************************************************************** 
2017-05-14 19:30:45,669 INFO  [Log] **************************************************************************************** 
2017-05-14 19:30:45,670 INFO  [Log] **************************************************************************************** 
2017-05-14 19:30:45,670 INFO  [Log] $$$$$$$$$$$$$$$$$$$$$                 create a lead for new customer       $$$$$$$$$$$$$$$$$$$$$$$$$ 
2017-05-14 19:30:45,670 INFO  [Log] **************************************************************************************** 
2017-05-14 19:30:45,670 INFO  [Log] **************************************************************************************** 
2017-05-14 19:30:45,670 INFO  [Log] Click on Add new Button 
2017-05-14 19:31:31,931 INFO  [Log] **************************************************************************************** 
2017-05-14 19:31:31,931 INFO  [Log] **************************************************************************************** 
2017-05-14 19:31:31,931 INFO  [Log] $$$$$$$$$$$$$$$$$$$$$                 Navigate to Lead Module       $$$$$$$$$$$$$$$$$$$$$$$$$ 
2017-05-14 19:31:31,931 INFO  [Log] **************************************************************************************** 
2017-05-14 19:31:31,931 INFO  [Log] **************************************************************************************** 
2017-05-14 19:31:31,931 INFO  [Log] Enter Login in System 
2017-05-14 19:31:31,947 INFO  [Log] **************************************************************************************** 
2017-05-14 19:31:31,947 INFO  [Log] **************************************************************************************** 
2017-05-14 19:31:31,947 INFO  [Log] $$$$$$$$$$$$$$$$$$$$$                 Login TestCase       $$$$$$$$$$$$$$$$$$$$$$$$$ 
2017-05-14 19:31:31,947 INFO  [Log] **************************************************************************************** 
2017-05-14 19:31:31,947 INFO  [Log] **************************************************************************************** 
2017-05-14 19:31:31,947 INFO  [Log] Enter Username 
2017-05-14 19:31:32,089 INFO  [Log] Entred Username is: administrator 
2017-05-14 19:31:32,089 INFO  [Log] Enter Password 
2017-05-14 19:31:32,195 INFO  [Log] Entered Password :Admin@123 
2017-05-14 19:31:32,195 INFO  [Log] Click Login Button 
2017-05-14 19:32:18,237 INFO  [Log] Click Sales Tab 
2017-05-14 19:32:45,707 INFO  [Log] XXXXXXXXXXXXXXXXXXXXXXX             -E---N---D-             XXXXXXXXXXXXXXXXXXXXXX 
2017-05-14 19:32:45,707 INFO  [Log] X 
2017-05-14 19:32:45,707 INFO  [Log] X 
2017-05-14 19:32:45,707 INFO  [Log] X 
2017-05-14 19:32:45,707 INFO  [Log] X 
2017-05-14 19:32:46,245 INFO  [Log] **************************************************************************************** 
2017-05-14 19:32:46,246 INFO  [Log] **************************************************************************************** 
2017-05-14 19:32:46,246 INFO  [Log] $$$$$$$$$$$$$$$$$$$$$                 Duplicate lead creation       $$$$$$$$$$$$$$$$$$$$$$$$$ 
2017-05-14 19:32:46,246 INFO  [Log] **************************************************************************************** 
2017-05-14 19:32:46,246 INFO  [Log] **************************************************************************************** 
2017-05-14 19:32:46,288 INFO  [Log] **************************************************************************************** 
2017-05-14 19:32:46,289 INFO  [Log] **************************************************************************************** 
2017-05-14 19:32:46,289 INFO  [Log] $$$$$$$$$$$$$$$$$$$$$                 create a lead for new customer       $$$$$$$$$$$$$$$$$$$$$$$$$ 
2017-05-14 19:32:46,289 INFO  [Log] **************************************************************************************** 
2017-05-14 19:32:46,289 INFO  [Log] **************************************************************************************** 
2017-05-14 19:32:46,289 INFO  [Log] Click on Add new Button 
2017-05-14 19:32:52,229 INFO  [Log] Click Save Button to verify Mandatory Fields 
2017-05-14 19:32:52,560 INFO  [Log] Fill Lead Title 
2017-05-14 19:32:53,245 INFO  [Log] Fill Company Name 
2017-05-14 19:32:53,513 INFO  [Log] Fill Contact Information 
2017-05-14 19:32:53,792 INFO  [Log] Fill Mobile Number 
2017-05-14 19:32:53,985 INFO  [Log] Fill Lead Priority 
2017-05-14 19:32:54,235 INFO  [Log] Fill Lead Status 
2017-05-14 19:32:54,422 INFO  [Log] Click Save Button 
2017-05-14 19:33:09,081 INFO  [Log] Click clone button 
2017-05-14 19:33:12,256 INFO  [Log] Click Save button 
2017-05-14 19:33:21,752 INFO  [Log] **************************************************************************************** 
2017-05-14 19:33:21,753 INFO  [Log] **************************************************************************************** 
2017-05-14 19:33:21,753 INFO  [Log] $$$$$$$$$$$$$$$$$$$$$                 create a lead for new customer       $$$$$$$$$$$$$$$$$$$$$$$$$ 
2017-05-14 19:33:21,753 INFO  [Log] **************************************************************************************** 
2017-05-14 19:33:21,753 INFO  [Log] **************************************************************************************** 
2017-05-14 19:33:21,753 INFO  [Log] Click on Add new Button 
2017-05-14 21:00:18,145 INFO  [Log] **************************************************************************************** 
2017-05-14 21:00:18,160 INFO  [Log] **************************************************************************************** 
2017-05-14 21:00:18,160 INFO  [Log] $$$$$$$$$$$$$$$$$$$$$                 Navigate to Lead Module       $$$$$$$$$$$$$$$$$$$$$$$$$ 
2017-05-14 21:00:18,160 INFO  [Log] **************************************************************************************** 
2017-05-14 21:00:18,160 INFO  [Log] **************************************************************************************** 
2017-05-14 21:00:18,160 INFO  [Log] Enter Login in System 
2017-05-14 21:00:18,276 INFO  [Log] **************************************************************************************** 
2017-05-14 21:00:18,276 INFO  [Log] **************************************************************************************** 
2017-05-14 21:00:18,276 INFO  [Log] $$$$$$$$$$$$$$$$$$$$$                 Login TestCase       $$$$$$$$$$$$$$$$$$$$$$$$$ 
2017-05-14 21:00:18,277 INFO  [Log] **************************************************************************************** 
2017-05-14 21:00:18,277 INFO  [Log] **************************************************************************************** 
2017-05-14 21:00:18,277 INFO  [Log] Enter Username 
2017-05-14 21:00:18,700 INFO  [Log] Entred Username is: administrator 
2017-05-14 21:00:18,700 INFO  [Log] Enter Password 
2017-05-14 21:00:18,927 INFO  [Log] Entered Password :Admin@123 
2017-05-14 21:00:18,927 INFO  [Log] Click Login Button 
2017-05-14 21:00:23,289 INFO  [Log] Click Sales Tab 
2017-05-14 21:00:25,927 INFO  [Log] XXXXXXXXXXXXXXXXXXXXXXX             -E---N---D-             XXXXXXXXXXXXXXXXXXXXXX 
2017-05-14 21:00:25,928 INFO  [Log] X 
2017-05-14 21:00:25,928 INFO  [Log] X 
2017-05-14 21:00:25,928 INFO  [Log] X 
2017-05-14 21:00:25,928 INFO  [Log] X 
2017-05-14 21:00:26,387 INFO  [Log] **************************************************************************************** 
2017-05-14 21:00:26,387 INFO  [Log] **************************************************************************************** 
2017-05-14 21:00:26,387 INFO  [Log] $$$$$$$$$$$$$$$$$$$$$                 create a lead for new customer       $$$$$$$$$$$$$$$$$$$$$$$$$ 
2017-05-14 21:00:26,387 INFO  [Log] **************************************************************************************** 
2017-05-14 21:00:26,387 INFO  [Log] **************************************************************************************** 
2017-05-14 21:00:26,388 INFO  [Log] Click on Add new Button 
2017-05-14 21:00:27,909 INFO  [Log] Click Save Button to verify Mandatory Fields 
2017-05-14 21:00:28,201 INFO  [Log] Fill Lead Title 
2017-05-14 21:00:28,656 INFO  [Log] Fill Company Name 
2017-05-14 21:00:29,152 INFO  [Log] Fill Contact Information 
2017-05-14 21:00:29,560 INFO  [Log] Fill Mobile Number 
2017-05-14 21:00:29,785 INFO  [Log] Fill Lead Priority 
2017-05-14 21:00:30,003 INFO  [Log] Fill Lead Status 
2017-05-14 21:00:30,160 INFO  [Log] Click Save Button 
2017-05-14 21:00:30,477 INFO  [Log] **************************************************************************************** 
2017-05-14 21:00:30,477 INFO  [Log] **************************************************************************************** 
2017-05-14 21:00:30,477 INFO  [Log] $$$$$$$$$$$$$$$$$$$$$                 Convert a lead for new customer       $$$$$$$$$$$$$$$$$$$$$$$$$ 
2017-05-14 21:00:30,478 INFO  [Log] **************************************************************************************** 
2017-05-14 21:00:30,478 INFO  [Log] **************************************************************************************** 
2017-05-14 21:00:30,478 INFO  [Log] Click Convert Button 
2017-05-14 21:00:34,149 INFO  [Log] **************************************************************************************** 
2017-05-14 21:00:34,149 INFO  [Log] **************************************************************************************** 
2017-05-14 21:00:34,149 INFO  [Log] $$$$$$$$$$$$$$$$$$$$$                 OppStatus       $$$$$$$$$$$$$$$$$$$$$$$$$ 
2017-05-14 21:00:34,149 INFO  [Log] **************************************************************************************** 
2017-05-14 21:00:34,149 INFO  [Log] **************************************************************************************** 
2017-05-14 21:00:34,149 INFO  [Log] Open Opportunity 
2017-05-14 21:00:34,244 INFO  [Log] Click Edit Button 
2017-05-14 21:00:37,277 INFO  [Log] Select ProductLine Icon 
2017-05-14 21:00:37,386 INFO  [Log] Select Currency 
2017-05-14 21:00:38,133 INFO  [Log] Select Product 
2017-05-14 21:00:38,426 INFO  [Log] **************************************************************************************** 
2017-05-14 21:00:38,426 INFO  [Log] **************************************************************************************** 
2017-05-14 21:00:38,427 INFO  [Log] $$$$$$$$$$$$$$$$$$$$$                 start       $$$$$$$$$$$$$$$$$$$$$$$$$ 
2017-05-14 21:00:38,427 INFO  [Log] **************************************************************************************** 
2017-05-14 21:00:38,427 INFO  [Log] **************************************************************************************** 
2017-05-14 21:05:52,777 INFO  [Log] **************************************************************************************** 
2017-05-14 21:05:52,777 INFO  [Log] **************************************************************************************** 
2017-05-14 21:05:52,777 INFO  [Log] $$$$$$$$$$$$$$$$$$$$$                 Navigate to Lead Module       $$$$$$$$$$$$$$$$$$$$$$$$$ 
2017-05-14 21:05:52,777 INFO  [Log] **************************************************************************************** 
2017-05-14 21:05:52,777 INFO  [Log] **************************************************************************************** 
2017-05-14 21:05:52,777 INFO  [Log] Enter Login in System 
2017-05-14 21:05:52,915 INFO  [Log] **************************************************************************************** 
2017-05-14 21:05:52,915 INFO  [Log] **************************************************************************************** 
2017-05-14 21:05:52,915 INFO  [Log] $$$$$$$$$$$$$$$$$$$$$                 Login TestCase       $$$$$$$$$$$$$$$$$$$$$$$$$ 
2017-05-14 21:05:52,915 INFO  [Log] **************************************************************************************** 
2017-05-14 21:05:52,915 INFO  [Log] **************************************************************************************** 
2017-05-14 21:05:52,915 INFO  [Log] Enter Username 
2017-05-14 21:05:53,075 INFO  [Log] Entred Username is: administrator 
2017-05-14 21:05:53,075 INFO  [Log] Enter Password 
2017-05-14 21:05:53,190 INFO  [Log] Entered Password :Admin@123 
2017-05-14 21:05:53,190 INFO  [Log] Click Login Button 
2017-05-14 21:05:56,615 INFO  [Log] Click Sales Tab 
2017-05-14 21:05:58,591 INFO  [Log] XXXXXXXXXXXXXXXXXXXXXXX             -E---N---D-             XXXXXXXXXXXXXXXXXXXXXX 
2017-05-14 21:05:58,591 INFO  [Log] X 
2017-05-14 21:05:58,591 INFO  [Log] X 
2017-05-14 21:05:58,591 INFO  [Log] X 
2017-05-14 21:05:58,591 INFO  [Log] X 
2017-05-14 21:05:58,816 INFO  [Log] **************************************************************************************** 
2017-05-14 21:05:58,816 INFO  [Log] **************************************************************************************** 
2017-05-14 21:05:58,816 INFO  [Log] $$$$$$$$$$$$$$$$$$$$$                 create a lead for new customer       $$$$$$$$$$$$$$$$$$$$$$$$$ 
2017-05-14 21:05:58,816 INFO  [Log] **************************************************************************************** 
2017-05-14 21:05:58,816 INFO  [Log] **************************************************************************************** 
2017-05-14 21:05:58,816 INFO  [Log] Click on Add new Button 
2017-05-14 21:06:01,127 INFO  [Log] Click Save Button to verify Mandatory Fields 
2017-05-14 21:06:01,278 INFO  [Log] Fill Lead Title 
2017-05-14 21:06:01,764 INFO  [Log] Fill Company Name 
2017-05-14 21:06:02,100 INFO  [Log] Fill Contact Information 
2017-05-14 21:06:02,445 INFO  [Log] Fill Mobile Number 
2017-05-14 21:06:02,661 INFO  [Log] Fill Lead Priority 
2017-05-14 21:06:02,853 INFO  [Log] Fill Lead Status 
2017-05-14 21:06:03,029 INFO  [Log] Click Save Button 
2017-05-14 21:06:03,150 INFO  [Log] **************************************************************************************** 
2017-05-14 21:06:03,150 INFO  [Log] **************************************************************************************** 
2017-05-14 21:06:03,150 INFO  [Log] $$$$$$$$$$$$$$$$$$$$$                 OppStatus       $$$$$$$$$$$$$$$$$$$$$$$$$ 
2017-05-14 21:06:03,150 INFO  [Log] **************************************************************************************** 
2017-05-14 21:06:03,150 INFO  [Log] **************************************************************************************** 
2017-05-14 21:06:03,150 INFO  [Log] Open Opportunity 
2017-05-14 21:06:04,599 INFO  [Log] Click Edit Button 
2017-05-14 21:06:06,413 INFO  [Log] Select ProductLine Icon 
2017-05-14 21:06:06,554 INFO  [Log] Select Currency 
2017-05-14 21:06:07,002 INFO  [Log] Select Product 
2017-05-14 21:06:07,160 INFO  [Log] Bind Product 
2017-05-14 21:06:07,250 INFO  [Log] PriceBook 
2017-05-14 21:06:07,685 INFO  [Log] **************************************************************************************** 
2017-05-14 21:06:07,686 INFO  [Log] **************************************************************************************** 
2017-05-14 21:06:07,686 INFO  [Log] $$$$$$$$$$$$$$$$$$$$$                 start       $$$$$$$$$$$$$$$$$$$$$$$$$ 
2017-05-14 21:06:07,686 INFO  [Log] **************************************************************************************** 
2017-05-14 21:06:07,686 INFO  [Log] **************************************************************************************** 
2017-05-14 21:07:42,453 INFO  [Log] **************************************************************************************** 
2017-05-14 21:07:42,453 INFO  [Log] **************************************************************************************** 
2017-05-14 21:07:42,453 INFO  [Log] $$$$$$$$$$$$$$$$$$$$$                 Navigate to Lead Module       $$$$$$$$$$$$$$$$$$$$$$$$$ 
2017-05-14 21:07:42,453 INFO  [Log] **************************************************************************************** 
2017-05-14 21:07:42,453 INFO  [Log] **************************************************************************************** 
2017-05-14 21:07:42,453 INFO  [Log] Enter Login in System 
2017-05-14 21:07:42,469 INFO  [Log] **************************************************************************************** 
2017-05-14 21:07:42,469 INFO  [Log] **************************************************************************************** 
2017-05-14 21:07:42,469 INFO  [Log] $$$$$$$$$$$$$$$$$$$$$                 Login TestCase       $$$$$$$$$$$$$$$$$$$$$$$$$ 
2017-05-14 21:07:42,469 INFO  [Log] **************************************************************************************** 
2017-05-14 21:07:42,469 INFO  [Log] **************************************************************************************** 
2017-05-14 21:07:42,469 INFO  [Log] Enter Username 
2017-05-14 21:07:42,597 INFO  [Log] Entred Username is: administrator 
2017-05-14 21:07:42,597 INFO  [Log] Enter Password 
2017-05-14 21:07:42,699 INFO  [Log] Entered Password :Admin@123 
2017-05-14 21:07:42,699 INFO  [Log] Click Login Button 
2017-05-14 21:07:46,073 INFO  [Log] Click Sales Tab 
2017-05-14 21:07:47,944 INFO  [Log] XXXXXXXXXXXXXXXXXXXXXXX             -E---N---D-             XXXXXXXXXXXXXXXXXXXXXX 
2017-05-14 21:07:47,944 INFO  [Log] X 
2017-05-14 21:07:47,944 INFO  [Log] X 
2017-05-14 21:07:47,945 INFO  [Log] X 
2017-05-14 21:07:47,945 INFO  [Log] X 
2017-05-14 21:07:48,141 INFO  [Log] **************************************************************************************** 
2017-05-14 21:07:48,141 INFO  [Log] **************************************************************************************** 
2017-05-14 21:07:48,141 INFO  [Log] $$$$$$$$$$$$$$$$$$$$$                 create a lead for new customer       $$$$$$$$$$$$$$$$$$$$$$$$$ 
2017-05-14 21:07:48,141 INFO  [Log] **************************************************************************************** 
2017-05-14 21:07:48,141 INFO  [Log] **************************************************************************************** 
2017-05-14 21:07:48,141 INFO  [Log] Click on Add new Button 
2017-05-14 21:07:49,447 INFO  [Log] Click Save Button to verify Mandatory Fields 
2017-05-14 21:07:49,638 INFO  [Log] Fill Lead Title 
2017-05-14 21:07:50,035 INFO  [Log] Fill Company Name 
2017-05-14 21:07:50,381 INFO  [Log] Fill Contact Information 
2017-05-14 21:07:50,669 INFO  [Log] Fill Mobile Number 
2017-05-14 21:07:50,866 INFO  [Log] Fill Lead Priority 
2017-05-14 21:07:51,024 INFO  [Log] Fill Lead Status 
2017-05-14 21:07:51,140 INFO  [Log] Click Save Button 
2017-05-14 21:07:51,261 INFO  [Log] **************************************************************************************** 
2017-05-14 21:07:51,263 INFO  [Log] **************************************************************************************** 
2017-05-14 21:07:51,263 INFO  [Log] $$$$$$$$$$$$$$$$$$$$$                 Convert a lead for new customer       $$$$$$$$$$$$$$$$$$$$$$$$$ 
2017-05-14 21:07:51,263 INFO  [Log] **************************************************************************************** 
2017-05-14 21:07:51,264 INFO  [Log] **************************************************************************************** 
2017-05-14 21:07:51,264 INFO  [Log] Click Convert Button 
2017-05-14 21:07:55,502 INFO  [Log] **************************************************************************************** 
2017-05-14 21:07:55,502 INFO  [Log] **************************************************************************************** 
2017-05-14 21:07:55,502 INFO  [Log] $$$$$$$$$$$$$$$$$$$$$                 OppStatus       $$$$$$$$$$$$$$$$$$$$$$$$$ 
2017-05-14 21:07:55,502 INFO  [Log] **************************************************************************************** 
2017-05-14 21:07:55,502 INFO  [Log] **************************************************************************************** 
2017-05-14 21:07:55,502 INFO  [Log] Open Opportunity 
2017-05-14 21:07:57,510 INFO  [Log] Click Edit Button 
2017-05-14 21:07:59,175 INFO  [Log] Select ProductLine Icon 
2017-05-14 21:07:59,244 INFO  [Log] Select Currency 
2017-05-14 21:07:59,875 INFO  [Log] Select Product 
2017-05-14 21:08:00,092 INFO  [Log] Bind Product 
2017-05-14 21:08:00,210 INFO  [Log] PriceBook 
2017-05-14 21:08:00,535 INFO  [Log] **************************************************************************************** 
2017-05-14 21:08:00,535 INFO  [Log] **************************************************************************************** 
2017-05-14 21:08:00,535 INFO  [Log] $$$$$$$$$$$$$$$$$$$$$                 start       $$$$$$$$$$$$$$$$$$$$$$$$$ 
2017-05-14 21:08:00,535 INFO  [Log] **************************************************************************************** 
2017-05-14 21:08:00,535 INFO  [Log] **************************************************************************************** 
2017-05-14 21:15:14,155 INFO  [Log] **************************************************************************************** 
2017-05-14 21:15:14,155 INFO  [Log] **************************************************************************************** 
2017-05-14 21:15:14,155 INFO  [Log] $$$$$$$$$$$$$$$$$$$$$                 Navigate to Lead Module       $$$$$$$$$$$$$$$$$$$$$$$$$ 
2017-05-14 21:15:14,155 INFO  [Log] **************************************************************************************** 
2017-05-14 21:15:14,155 INFO  [Log] **************************************************************************************** 
2017-05-14 21:15:14,155 INFO  [Log] Enter Login in System 
2017-05-14 21:15:14,171 INFO  [Log] **************************************************************************************** 
2017-05-14 21:15:14,171 INFO  [Log] **************************************************************************************** 
2017-05-14 21:15:14,171 INFO  [Log] $$$$$$$$$$$$$$$$$$$$$                 Login TestCase       $$$$$$$$$$$$$$$$$$$$$$$$$ 
2017-05-14 21:15:14,171 INFO  [Log] **************************************************************************************** 
2017-05-14 21:15:14,171 INFO  [Log] **************************************************************************************** 
2017-05-14 21:15:14,171 INFO  [Log] Enter Username 
2017-05-14 21:15:14,316 INFO  [Log] Entred Username is: administrator 
2017-05-14 21:15:14,316 INFO  [Log] Enter Password 
2017-05-14 21:15:14,416 INFO  [Log] Entered Password :admin 
2017-05-14 21:15:14,416 INFO  [Log] Click Login Button 
2017-05-14 21:15:17,474 INFO  [Log] Click Sales Tab 
2017-05-14 21:15:19,268 INFO  [Log] XXXXXXXXXXXXXXXXXXXXXXX             -E---N---D-             XXXXXXXXXXXXXXXXXXXXXX 
2017-05-14 21:15:19,268 INFO  [Log] X 
2017-05-14 21:15:19,268 INFO  [Log] X 
2017-05-14 21:15:19,268 INFO  [Log] X 
2017-05-14 21:15:19,268 INFO  [Log] X 
2017-05-14 21:15:19,485 INFO  [Log] **************************************************************************************** 
2017-05-14 21:15:19,485 INFO  [Log] **************************************************************************************** 
2017-05-14 21:15:19,485 INFO  [Log] $$$$$$$$$$$$$$$$$$$$$                 create a lead for new customer       $$$$$$$$$$$$$$$$$$$$$$$$$ 
2017-05-14 21:15:19,485 INFO  [Log] **************************************************************************************** 
2017-05-14 21:15:19,485 INFO  [Log] **************************************************************************************** 
2017-05-14 21:15:19,485 INFO  [Log] Click on Add new Button 
2017-05-14 21:15:20,995 INFO  [Log] Click Save Button to verify Mandatory Fields 
2017-05-14 21:15:21,166 INFO  [Log] Fill Lead Title 
2017-05-14 21:15:21,609 INFO  [Log] Fill Company Name 
2017-05-14 21:15:21,900 INFO  [Log] Fill Contact Information 
2017-05-14 21:15:22,284 INFO  [Log] Fill Mobile Number 
2017-05-14 21:15:22,474 INFO  [Log] Fill Lead Priority 
2017-05-14 21:15:22,634 INFO  [Log] Fill Lead Status 
2017-05-14 21:15:22,760 INFO  [Log] Click Save Button 
2017-05-14 21:15:22,860 INFO  [Log] **************************************************************************************** 
2017-05-14 21:15:22,860 INFO  [Log] **************************************************************************************** 
2017-05-14 21:15:22,860 INFO  [Log] $$$$$$$$$$$$$$$$$$$$$                 Convert a lead for new customer       $$$$$$$$$$$$$$$$$$$$$$$$$ 
2017-05-14 21:15:22,860 INFO  [Log] **************************************************************************************** 
2017-05-14 21:15:22,860 INFO  [Log] **************************************************************************************** 
2017-05-14 21:15:22,860 INFO  [Log] Click Convert Button 
2017-05-14 21:15:26,424 INFO  [Log] **************************************************************************************** 
2017-05-14 21:15:26,424 INFO  [Log] **************************************************************************************** 
2017-05-14 21:15:26,424 INFO  [Log] $$$$$$$$$$$$$$$$$$$$$                 OppStatus       $$$$$$$$$$$$$$$$$$$$$$$$$ 
2017-05-14 21:15:26,424 INFO  [Log] **************************************************************************************** 
2017-05-14 21:15:26,424 INFO  [Log] **************************************************************************************** 
2017-05-14 21:15:26,424 INFO  [Log] Open Opportunity 
2017-05-14 21:15:27,939 INFO  [Log] Click Edit Button 
2017-05-14 21:15:29,556 INFO  [Log] Select ProductLine Icon 
2017-05-14 21:15:29,645 INFO  [Log] Select Currency 
2017-05-14 21:15:47,249 INFO  [Log] Select Product 
2017-05-14 21:15:47,441 INFO  [Log] Bind Product 
2017-05-14 21:15:47,570 INFO  [Log] PriceBook 
2017-05-14 21:16:07,796 INFO  [Log] **************************************************************************************** 
2017-05-14 21:16:07,796 INFO  [Log] **************************************************************************************** 
2017-05-14 21:16:07,811 INFO  [Log] $$$$$$$$$$$$$$$$$$$$$                 start       $$$$$$$$$$$$$$$$$$$$$$$$$ 
2017-05-14 21:16:07,811 INFO  [Log] **************************************************************************************** 
2017-05-14 21:16:07,811 INFO  [Log] **************************************************************************************** 
2017-05-14 21:17:03,870 INFO  [Log] **************************************************************************************** 
2017-05-14 21:17:03,870 INFO  [Log] **************************************************************************************** 
2017-05-14 21:17:03,870 INFO  [Log] $$$$$$$$$$$$$$$$$$$$$                 Navigate to Lead Module       $$$$$$$$$$$$$$$$$$$$$$$$$ 
2017-05-14 21:17:03,870 INFO  [Log] **************************************************************************************** 
2017-05-14 21:17:03,870 INFO  [Log] **************************************************************************************** 
2017-05-14 21:17:03,870 INFO  [Log] Enter Login in System 
2017-05-14 21:17:03,971 INFO  [Log] **************************************************************************************** 
2017-05-14 21:17:03,971 INFO  [Log] **************************************************************************************** 
2017-05-14 21:17:03,971 INFO  [Log] $$$$$$$$$$$$$$$$$$$$$                 Login TestCase       $$$$$$$$$$$$$$$$$$$$$$$$$ 
2017-05-14 21:17:03,971 INFO  [Log] **************************************************************************************** 
2017-05-14 21:17:03,971 INFO  [Log] **************************************************************************************** 
2017-05-14 21:17:03,971 INFO  [Log] Enter Username 
2017-05-14 21:17:04,153 INFO  [Log] Entred Username is: administrator 
2017-05-14 21:17:04,153 INFO  [Log] Enter Password 
2017-05-14 21:17:04,286 INFO  [Log] Entered Password :admin 
2017-05-14 21:17:04,286 INFO  [Log] Click Login Button 
2017-05-14 21:17:10,183 INFO  [Log] **************************************************************************************** 
2017-05-14 21:17:10,183 INFO  [Log] **************************************************************************************** 
2017-05-14 21:17:10,183 INFO  [Log] $$$$$$$$$$$$$$$$$$$$$                 OppStatus       $$$$$$$$$$$$$$$$$$$$$$$$$ 
2017-05-14 21:17:10,183 INFO  [Log] **************************************************************************************** 
2017-05-14 21:17:10,183 INFO  [Log] **************************************************************************************** 
2017-05-14 21:17:10,183 INFO  [Log] Open Opportunity 
2017-05-14 21:18:42,705 INFO  [Log] **************************************************************************************** 
2017-05-14 21:18:42,706 INFO  [Log] **************************************************************************************** 
2017-05-14 21:18:42,706 INFO  [Log] $$$$$$$$$$$$$$$$$$$$$                 Navigate to Lead Module       $$$$$$$$$$$$$$$$$$$$$$$$$ 
2017-05-14 21:18:42,707 INFO  [Log] **************************************************************************************** 
2017-05-14 21:18:42,707 INFO  [Log] **************************************************************************************** 
2017-05-14 21:18:42,707 INFO  [Log] Enter Login in System 
2017-05-14 21:18:42,806 INFO  [Log] **************************************************************************************** 
2017-05-14 21:18:42,806 INFO  [Log] **************************************************************************************** 
2017-05-14 21:18:42,806 INFO  [Log] $$$$$$$$$$$$$$$$$$$$$                 Login TestCase       $$$$$$$$$$$$$$$$$$$$$$$$$ 
2017-05-14 21:18:42,807 INFO  [Log] **************************************************************************************** 
2017-05-14 21:18:42,807 INFO  [Log] **************************************************************************************** 
2017-05-14 21:18:42,807 INFO  [Log] Enter Username 
2017-05-14 21:18:42,987 INFO  [Log] Entred Username is: administrator 
2017-05-14 21:18:42,987 INFO  [Log] Enter Password 
2017-05-14 21:18:43,097 INFO  [Log] Entered Password :admin 
2017-05-14 21:18:43,097 INFO  [Log] Click Login Button 
2017-05-14 21:18:47,088 INFO  [Log] Click Sales Tab 
2017-05-14 21:18:48,769 INFO  [Log] XXXXXXXXXXXXXXXXXXXXXXX             -E---N---D-             XXXXXXXXXXXXXXXXXXXXXX 
2017-05-14 21:18:48,769 INFO  [Log] X 
2017-05-14 21:18:48,769 INFO  [Log] X 
2017-05-14 21:18:48,770 INFO  [Log] X 
2017-05-14 21:18:48,770 INFO  [Log] X 
2017-05-14 21:18:49,075 INFO  [Log] **************************************************************************************** 
2017-05-14 21:18:49,075 INFO  [Log] **************************************************************************************** 
2017-05-14 21:18:49,075 INFO  [Log] $$$$$$$$$$$$$$$$$$$$$                 create a lead for new customer       $$$$$$$$$$$$$$$$$$$$$$$$$ 
2017-05-14 21:18:49,075 INFO  [Log] **************************************************************************************** 
2017-05-14 21:18:49,075 INFO  [Log] **************************************************************************************** 
2017-05-14 21:18:49,075 INFO  [Log] Click on Add new Button 
2017-05-14 21:18:51,434 INFO  [Log] Click Save Button to verify Mandatory Fields 
2017-05-14 21:18:51,688 INFO  [Log] Fill Lead Title 
2017-05-14 21:18:52,142 INFO  [Log] Fill Company Name 
2017-05-14 21:18:52,584 INFO  [Log] Fill Contact Information 
2017-05-14 21:18:53,024 INFO  [Log] Fill Mobile Number 
2017-05-14 21:18:53,247 INFO  [Log] Fill Lead Priority 
2017-05-14 21:18:53,407 INFO  [Log] Fill Lead Status 
2017-05-14 21:18:53,538 INFO  [Log] Click Save Button 
2017-05-14 21:18:53,821 INFO  [Log] **************************************************************************************** 
2017-05-14 21:18:53,821 INFO  [Log] **************************************************************************************** 
2017-05-14 21:18:53,822 INFO  [Log] $$$$$$$$$$$$$$$$$$$$$                 Convert a lead for new customer       $$$$$$$$$$$$$$$$$$$$$$$$$ 
2017-05-14 21:18:53,822 INFO  [Log] **************************************************************************************** 
2017-05-14 21:18:53,822 INFO  [Log] **************************************************************************************** 
2017-05-14 21:18:53,822 INFO  [Log] Click Convert Button 
2017-05-14 21:18:57,122 INFO  [Log] **************************************************************************************** 
2017-05-14 21:18:57,122 INFO  [Log] **************************************************************************************** 
2017-05-14 21:18:57,122 INFO  [Log] $$$$$$$$$$$$$$$$$$$$$                 OppStatus       $$$$$$$$$$$$$$$$$$$$$$$$$ 
2017-05-14 21:18:57,122 INFO  [Log] **************************************************************************************** 
2017-05-14 21:18:57,122 INFO  [Log] **************************************************************************************** 
2017-05-14 21:18:57,122 INFO  [Log] Open Opportunity 
2017-05-14 21:18:58,600 INFO  [Log] Click Edit Button 
2017-05-14 21:19:00,284 INFO  [Log] Select ProductLine Icon 
2017-05-14 21:19:00,375 INFO  [Log] Select Currency 
2017-05-14 21:19:00,925 INFO  [Log] Select Product 
2017-05-14 21:19:01,052 INFO  [Log] Bind Product 
2017-05-14 21:19:01,139 INFO  [Log] PriceBook 
2017-05-14 21:19:21,337 INFO  [Log] **************************************************************************************** 
2017-05-14 21:19:21,337 INFO  [Log] **************************************************************************************** 
2017-05-14 21:19:21,337 INFO  [Log] $$$$$$$$$$$$$$$$$$$$$                 start       $$$$$$$$$$$$$$$$$$$$$$$$$ 
2017-05-14 21:19:21,337 INFO  [Log] **************************************************************************************** 
2017-05-14 21:19:21,338 INFO  [Log] **************************************************************************************** 
2017-05-14 21:21:49,654 INFO  [Log] **************************************************************************************** 
2017-05-14 21:21:49,670 INFO  [Log] **************************************************************************************** 
2017-05-14 21:21:49,670 INFO  [Log] $$$$$$$$$$$$$$$$$$$$$                 Navigate to Lead Module       $$$$$$$$$$$$$$$$$$$$$$$$$ 
2017-05-14 21:21:49,670 INFO  [Log] **************************************************************************************** 
2017-05-14 21:21:49,670 INFO  [Log] **************************************************************************************** 
2017-05-14 21:21:49,670 INFO  [Log] Enter Login in System 
2017-05-14 21:21:49,785 INFO  [Log] **************************************************************************************** 
2017-05-14 21:21:49,785 INFO  [Log] **************************************************************************************** 
2017-05-14 21:21:49,785 INFO  [Log] $$$$$$$$$$$$$$$$$$$$$                 Login TestCase       $$$$$$$$$$$$$$$$$$$$$$$$$ 
2017-05-14 21:21:49,785 INFO  [Log] **************************************************************************************** 
2017-05-14 21:21:49,785 INFO  [Log] **************************************************************************************** 
2017-05-14 21:21:49,785 INFO  [Log] Enter Username 
2017-05-14 21:21:49,958 INFO  [Log] Entred Username is: administrator 
2017-05-14 21:21:49,958 INFO  [Log] Enter Password 
2017-05-14 21:21:50,053 INFO  [Log] Entered Password :admin 
2017-05-14 21:21:50,053 INFO  [Log] Click Login Button 
2017-05-14 21:22:16,887 INFO  [Log] **************************************************************************************** 
2017-05-14 21:22:16,887 INFO  [Log] **************************************************************************************** 
2017-05-14 21:22:16,887 INFO  [Log] $$$$$$$$$$$$$$$$$$$$$                 OppStatus       $$$$$$$$$$$$$$$$$$$$$$$$$ 
2017-05-14 21:22:16,887 INFO  [Log] **************************************************************************************** 
2017-05-14 21:22:16,887 INFO  [Log] **************************************************************************************** 
2017-05-14 21:22:16,887 INFO  [Log] Open Opportunity 
2017-05-14 21:22:16,960 INFO  [Log] **************************************************************************************** 
2017-05-14 21:22:16,960 INFO  [Log] **************************************************************************************** 
2017-05-14 21:22:16,961 INFO  [Log] $$$$$$$$$$$$$$$$$$$$$                 start       $$$$$$$$$$$$$$$$$$$$$$$$$ 
2017-05-14 21:22:16,961 INFO  [Log] **************************************************************************************** 
2017-05-14 21:22:16,961 INFO  [Log] **************************************************************************************** 
2017-05-14 21:22:43,676 INFO  [Log] **************************************************************************************** 
2017-05-14 21:22:43,676 INFO  [Log] **************************************************************************************** 
2017-05-14 21:22:43,676 INFO  [Log] $$$$$$$$$$$$$$$$$$$$$                 Navigate to Lead Module       $$$$$$$$$$$$$$$$$$$$$$$$$ 
2017-05-14 21:22:43,676 INFO  [Log] **************************************************************************************** 
2017-05-14 21:22:43,676 INFO  [Log] **************************************************************************************** 
2017-05-14 21:22:43,676 INFO  [Log] Enter Login in System 
2017-05-14 21:22:43,692 INFO  [Log] **************************************************************************************** 
2017-05-14 21:22:43,692 INFO  [Log] **************************************************************************************** 
2017-05-14 21:22:43,692 INFO  [Log] $$$$$$$$$$$$$$$$$$$$$                 Login TestCase       $$$$$$$$$$$$$$$$$$$$$$$$$ 
2017-05-14 21:22:43,692 INFO  [Log] **************************************************************************************** 
2017-05-14 21:22:43,692 INFO  [Log] **************************************************************************************** 
2017-05-14 21:22:43,692 INFO  [Log] Enter Username 
2017-05-14 21:22:43,881 INFO  [Log] Entred Username is: administrator 
2017-05-14 21:22:43,882 INFO  [Log] Enter Password 
2017-05-14 21:22:44,009 INFO  [Log] Entered Password :admin 
2017-05-14 21:22:44,009 INFO  [Log] Click Login Button 
2017-05-14 21:22:47,893 INFO  [Log] Click Sales Tab 
2017-05-14 21:22:49,587 INFO  [Log] XXXXXXXXXXXXXXXXXXXXXXX             -E---N---D-             XXXXXXXXXXXXXXXXXXXXXX 
2017-05-14 21:22:49,587 INFO  [Log] X 
2017-05-14 21:22:49,587 INFO  [Log] X 
2017-05-14 21:22:49,587 INFO  [Log] X 
2017-05-14 21:22:49,587 INFO  [Log] X 
2017-05-14 21:22:49,809 INFO  [Log] **************************************************************************************** 
2017-05-14 21:22:49,810 INFO  [Log] **************************************************************************************** 
2017-05-14 21:22:49,810 INFO  [Log] $$$$$$$$$$$$$$$$$$$$$                 create a lead for new customer       $$$$$$$$$$$$$$$$$$$$$$$$$ 
2017-05-14 21:22:49,810 INFO  [Log] **************************************************************************************** 
2017-05-14 21:22:49,810 INFO  [Log] **************************************************************************************** 
2017-05-14 21:22:49,810 INFO  [Log] Click on Add new Button 
2017-05-14 21:22:51,125 INFO  [Log] Click Save Button to verify Mandatory Fields 
2017-05-14 21:22:51,295 INFO  [Log] Fill Lead Title 
2017-05-14 21:22:51,606 INFO  [Log] Fill Company Name 
2017-05-14 21:22:52,012 INFO  [Log] Fill Contact Information 
2017-05-14 21:22:52,479 INFO  [Log] Fill Mobile Number 
2017-05-14 21:22:52,671 INFO  [Log] Fill Lead Priority 
2017-05-14 21:22:52,827 INFO  [Log] Fill Lead Status 
2017-05-14 21:22:52,961 INFO  [Log] Click Save Button 
2017-05-14 21:22:53,064 INFO  [Log] **************************************************************************************** 
2017-05-14 21:22:53,064 INFO  [Log] **************************************************************************************** 
2017-05-14 21:22:53,064 INFO  [Log] $$$$$$$$$$$$$$$$$$$$$                 Convert a lead for new customer       $$$$$$$$$$$$$$$$$$$$$$$$$ 
2017-05-14 21:22:53,065 INFO  [Log] **************************************************************************************** 
2017-05-14 21:22:53,065 INFO  [Log] **************************************************************************************** 
2017-05-14 21:22:53,065 INFO  [Log] Click Convert Button 
2017-05-14 21:22:55,641 INFO  [Log] **************************************************************************************** 
2017-05-14 21:22:55,641 INFO  [Log] **************************************************************************************** 
2017-05-14 21:22:55,641 INFO  [Log] $$$$$$$$$$$$$$$$$$$$$                 OppStatus       $$$$$$$$$$$$$$$$$$$$$$$$$ 
2017-05-14 21:22:55,641 INFO  [Log] **************************************************************************************** 
2017-05-14 21:22:55,641 INFO  [Log] **************************************************************************************** 
2017-05-14 21:22:55,641 INFO  [Log] Open Opportunity 
2017-05-14 21:22:57,219 INFO  [Log] Click Edit Button 
2017-05-14 21:22:58,853 INFO  [Log] Select ProductLine Icon 
2017-05-14 21:22:58,955 INFO  [Log] Select Currency 
2017-05-14 21:22:59,557 INFO  [Log] Select Product 
2017-05-14 21:22:59,767 INFO  [Log] Bind Product 
2017-05-14 21:22:59,870 INFO  [Log] PriceBook 
2017-05-14 21:23:19,986 INFO  [Log] **************************************************************************************** 
2017-05-14 21:23:19,987 INFO  [Log] **************************************************************************************** 
2017-05-14 21:23:19,987 INFO  [Log] $$$$$$$$$$$$$$$$$$$$$                 start       $$$$$$$$$$$$$$$$$$$$$$$$$ 
2017-05-14 21:23:19,987 INFO  [Log] **************************************************************************************** 
2017-05-14 21:23:19,987 INFO  [Log] **************************************************************************************** 
2017-05-14 21:26:16,705 INFO  [Log] **************************************************************************************** 
2017-05-14 21:26:16,705 INFO  [Log] **************************************************************************************** 
2017-05-14 21:26:16,705 INFO  [Log] $$$$$$$$$$$$$$$$$$$$$                 Navigate to Lead Module       $$$$$$$$$$$$$$$$$$$$$$$$$ 
2017-05-14 21:26:16,705 INFO  [Log] **************************************************************************************** 
2017-05-14 21:26:16,705 INFO  [Log] **************************************************************************************** 
2017-05-14 21:26:16,705 INFO  [Log] Enter Login in System 
2017-05-14 21:26:16,736 INFO  [Log] **************************************************************************************** 
2017-05-14 21:26:16,736 INFO  [Log] **************************************************************************************** 
2017-05-14 21:26:16,736 INFO  [Log] $$$$$$$$$$$$$$$$$$$$$                 Login TestCase       $$$$$$$$$$$$$$$$$$$$$$$$$ 
2017-05-14 21:26:16,736 INFO  [Log] **************************************************************************************** 
2017-05-14 21:26:16,736 INFO  [Log] **************************************************************************************** 
2017-05-14 21:26:16,736 INFO  [Log] Enter Username 
2017-05-14 21:26:16,914 INFO  [Log] Entred Username is: administrator 
2017-05-14 21:26:16,914 INFO  [Log] Enter Password 
2017-05-14 21:26:17,017 INFO  [Log] Entered Password :admin 
2017-05-14 21:26:17,017 INFO  [Log] Click Login Button 
2017-05-14 21:26:20,200 INFO  [Log] Click Sales Tab 
2017-05-14 21:26:22,073 INFO  [Log] XXXXXXXXXXXXXXXXXXXXXXX             -E---N---D-             XXXXXXXXXXXXXXXXXXXXXX 
2017-05-14 21:26:22,073 INFO  [Log] X 
2017-05-14 21:26:22,073 INFO  [Log] X 
2017-05-14 21:26:22,073 INFO  [Log] X 
2017-05-14 21:26:22,073 INFO  [Log] X 
2017-05-14 21:26:22,303 INFO  [Log] **************************************************************************************** 
2017-05-14 21:26:22,303 INFO  [Log] **************************************************************************************** 
2017-05-14 21:26:22,303 INFO  [Log] $$$$$$$$$$$$$$$$$$$$$                 create a lead for new customer       $$$$$$$$$$$$$$$$$$$$$$$$$ 
2017-05-14 21:26:22,303 INFO  [Log] **************************************************************************************** 
2017-05-14 21:26:22,303 INFO  [Log] **************************************************************************************** 
2017-05-14 21:26:22,303 INFO  [Log] Click on Add new Button 
2017-05-14 21:26:23,538 INFO  [Log] Click Save Button to verify Mandatory Fields 
2017-05-14 21:26:23,833 INFO  [Log] Fill Lead Title 
2017-05-14 21:26:23,985 INFO  [Log] **************************************************************************************** 
2017-05-14 21:26:23,986 INFO  [Log] **************************************************************************************** 
2017-05-14 21:26:23,986 INFO  [Log] $$$$$$$$$$$$$$$$$$$$$                 OppStatus       $$$$$$$$$$$$$$$$$$$$$$$$$ 
2017-05-14 21:26:23,986 INFO  [Log] **************************************************************************************** 
2017-05-14 21:26:23,986 INFO  [Log] **************************************************************************************** 
2017-05-14 21:26:23,986 INFO  [Log] Open Opportunity 
2017-05-14 21:26:25,620 INFO  [Log] Click Edit Button 
2017-05-14 21:26:27,249 INFO  [Log] Select ProductLine Icon 
2017-05-14 21:26:27,345 INFO  [Log] Select Currency 
2017-05-14 21:26:27,855 INFO  [Log] Select Product 
2017-05-14 21:26:28,061 INFO  [Log] Bind Product 
2017-05-14 21:26:28,223 INFO  [Log] PriceBook 
2017-05-14 21:26:33,548 INFO  [Log] **************************************************************************************** 
2017-05-14 21:26:33,548 INFO  [Log] **************************************************************************************** 
2017-05-14 21:26:33,548 INFO  [Log] $$$$$$$$$$$$$$$$$$$$$                 start       $$$$$$$$$$$$$$$$$$$$$$$$$ 
2017-05-14 21:26:33,548 INFO  [Log] **************************************************************************************** 
2017-05-14 21:26:33,548 INFO  [Log] **************************************************************************************** 
